<?xml version="1.0" encoding="UTF-8"?>
<!-- Generated by org.testng.reporters.JUnitXMLReporter -->
<testsuite ignored="0" hostname="LAPTOP-OHRA3Q15" failures="0" tests="9" name="Default test" time="33.883" errors="0" timestamp="2022-02-16T01:31:23 EST">
  <testcase classname="testpackage.Runtest" name="login" time="5.221"/>
  <testcase classname="testpackage.Runtest" name="username" time="3.093"/>
  <testcase classname="testpackage.Runtest" name="password" time="3.087"/>
  <testcase classname="testpackage.Runtest" name="clickonloginbutton" time="3.07"/>
  <testcase classname="testpackage.Runtest" name="clickonlaptops" time="3.064"/>
  <testcase classname="testpackage.Runtest" name="chooseonelaptop" time="3.293"/>
  <testcase classname="testpackage.Runtest" name="addincart" time="9.15"/>
  <testcase classname="testpackage.Runtest" name="addcart" time="0.552"/>
  <testcase classname="testpackage.Runtest" name="item" time="0.17"/>
</testsuite> <!-- Default test -->
