<?xml version="1.0" encoding="UTF-8"?>
<testng-results ignored="0" total="9" passed="9" failed="0" skipped="0">
  <reporter-output>
  </reporter-output>
  <suite started-at="2022-02-16T01:30:50 EST" name="Default suite" finished-at="2022-02-16T01:31:23 EST" duration-ms="33883">
    <groups>
    </groups>
    <test started-at="2022-02-16T01:30:50 EST" name="Default test" finished-at="2022-02-16T01:31:23 EST" duration-ms="33883">
      <class name="testpackage.Runtest">
        <test-method is-config="true" signature="setup()[pri:0, instance:testpackage.Runtest@5e82df6a]" started-at="2022-02-16T01:30:50 EST" name="setup" finished-at="2022-02-16T01:30:53 EST" duration-ms="2952" status="PASS">
          <reporter-output>
          </reporter-output>
        </test-method> <!-- setup -->
        <test-method signature="login()[pri:1, instance:testpackage.Runtest@5e82df6a]" started-at="2022-02-16T01:30:53 EST" name="login" finished-at="2022-02-16T01:30:58 EST" duration-ms="5221" status="PASS">
          <reporter-output>
          </reporter-output>
        </test-method> <!-- login -->
        <test-method signature="username()[pri:2, instance:testpackage.Runtest@5e82df6a]" started-at="2022-02-16T01:30:58 EST" name="username" finished-at="2022-02-16T01:31:01 EST" duration-ms="3093" status="PASS">
          <reporter-output>
          </reporter-output>
        </test-method> <!-- username -->
        <test-method signature="password()[pri:3, instance:testpackage.Runtest@5e82df6a]" started-at="2022-02-16T01:31:01 EST" name="password" finished-at="2022-02-16T01:31:04 EST" duration-ms="3087" status="PASS">
          <reporter-output>
          </reporter-output>
        </test-method> <!-- password -->
        <test-method signature="clickonloginbutton()[pri:4, instance:testpackage.Runtest@5e82df6a]" started-at="2022-02-16T01:31:04 EST" name="clickonloginbutton" finished-at="2022-02-16T01:31:07 EST" duration-ms="3070" status="PASS">
          <reporter-output>
          </reporter-output>
        </test-method> <!-- clickonloginbutton -->
        <test-method signature="clickonlaptops()[pri:5, instance:testpackage.Runtest@5e82df6a]" started-at="2022-02-16T01:31:07 EST" name="clickonlaptops" finished-at="2022-02-16T01:31:10 EST" duration-ms="3064" status="PASS">
          <reporter-output>
          </reporter-output>
        </test-method> <!-- clickonlaptops -->
        <test-method signature="chooseonelaptop()[pri:6, instance:testpackage.Runtest@5e82df6a]" started-at="2022-02-16T01:31:10 EST" name="chooseonelaptop" finished-at="2022-02-16T01:31:13 EST" duration-ms="3293" status="PASS">
          <reporter-output>
          </reporter-output>
        </test-method> <!-- chooseonelaptop -->
        <test-method signature="addincart()[pri:7, instance:testpackage.Runtest@5e82df6a]" started-at="2022-02-16T01:31:13 EST" name="addincart" finished-at="2022-02-16T01:31:23 EST" duration-ms="9150" status="PASS">
          <reporter-output>
          </reporter-output>
        </test-method> <!-- addincart -->
        <test-method signature="addcart()[pri:8, instance:testpackage.Runtest@5e82df6a]" started-at="2022-02-16T01:31:23 EST" name="addcart" finished-at="2022-02-16T01:31:23 EST" duration-ms="552" status="PASS">
          <reporter-output>
          </reporter-output>
        </test-method> <!-- addcart -->
        <test-method signature="item()[pri:9, instance:testpackage.Runtest@5e82df6a]" started-at="2022-02-16T01:31:23 EST" name="item" finished-at="2022-02-16T01:31:23 EST" duration-ms="170" status="PASS">
          <reporter-output>
          </reporter-output>
        </test-method> <!-- item -->
        <test-method is-config="true" signature="close()[pri:0, instance:testpackage.Runtest@5e82df6a]" started-at="2022-02-16T01:31:23 EST" name="close" finished-at="2022-02-16T01:31:23 EST" duration-ms="151" status="PASS">
          <reporter-output>
          </reporter-output>
        </test-method> <!-- close -->
      </class> <!-- testpackage.Runtest -->
    </test> <!-- Default test -->
  </suite> <!-- Default suite -->
</testng-results>
