<?xml version="1.0" encoding="UTF-8"?>
<!-- Generated by org.testng.reporters.JUnitXMLReporter -->
<testsuite ignored="0" hostname="LAPTOP-OHRA3Q15" failures="0" tests="9" name="Testng" time="33.717" errors="0" timestamp="2022-02-16T01:27:21 EST">
  <testcase classname="testpackage.Runtest" name="login" time="5.248"/>
  <testcase classname="testpackage.Runtest" name="username" time="3.096"/>
  <testcase classname="testpackage.Runtest" name="password" time="3.098"/>
  <testcase classname="testpackage.Runtest" name="clickonloginbutton" time="3.077"/>
  <testcase classname="testpackage.Runtest" name="clickonlaptops" time="3.067"/>
  <testcase classname="testpackage.Runtest" name="chooseonelaptop" time="3.277"/>
  <testcase classname="testpackage.Runtest" name="addincart" time="9.138"/>
  <testcase classname="testpackage.Runtest" name="addcart" time="0.588"/>
  <testcase classname="testpackage.Runtest" name="item" time="0.181"/>
</testsuite> <!-- Testng -->
